app/build/intermediates/manifest_merge_blame_file/debug/manifest-merger-blame-debug-report.txt
1<?xml version="1.0" encoding="utf-8"?>
2<manifest xmlns:android="http://schemas.android.com/apk/res/android"
3    package="uz.gita.shop_app"
4    android:versionCode="1"
5    android:versionName="1.0" >
6
7    <uses-sdk
8        android:minSdkVersion="24"
8-->src\main\AndroidManifest.xml
9        android:targetSdkVersion="33" />
9-->src\main\AndroidManifest.xml
10
11    <uses-permission android:name="android.permission.INTERNET" />
11-->[com.google.firebase:firebase-auth:22.0.0] AndroidManifest.xml:25:5-67
11-->[com.google.firebase:firebase-auth:22.0.0] AndroidManifest.xml:25:22-64
12    <uses-permission android:name="android.permission.ACCESS_NETWORK_STATE" />
12-->[com.google.firebase:firebase-auth:22.0.0] AndroidManifest.xml:26:5-79
12-->[com.google.firebase:firebase-auth:22.0.0] AndroidManifest.xml:26:22-76
13    <uses-permission android:name="android.permission.REORDER_TASKS" />
13-->[androidx.test:core:1.4.0] AndroidManifest.xml:24:5-72
13-->[androidx.test:core:1.4.0] AndroidManifest.xml:24:22-69
14
15    <application
15-->src\main\AndroidManifest.xml:5:5-27:19
16        android:name="uz.gita.shop_app.app.App"
16-->src\main\AndroidManifest.xml:6:9-32
17        android:allowBackup="true"
17-->src\main\AndroidManifest.xml:7:9-35
18        android:appComponentFactory="androidx.core.app.CoreComponentFactory"
18-->[androidx.core:core:1.8.0] AndroidManifest.xml:24:18-86
19        android:dataExtractionRules="@xml/data_extraction_rules"
19-->src\main\AndroidManifest.xml:8:9-65
20        android:debuggable="true"
21        android:extractNativeLibs="false"
22        android:fullBackupContent="@xml/backup_rules"
22-->src\main\AndroidManifest.xml:9:9-54
23        android:icon="@mipmap/ic_launcher"
23-->src\main\AndroidManifest.xml:10:9-43
24        android:label="@string/app_name"
24-->src\main\AndroidManifest.xml:11:9-41
25        android:roundIcon="@mipmap/ic_launcher_round"
25-->src\main\AndroidManifest.xml:12:9-54
26        android:supportsRtl="true"
26-->src\main\AndroidManifest.xml:13:9-35
27        android:theme="@style/Theme.ShopApp" >
27-->src\main\AndroidManifest.xml:14:9-45
28        <activity
28-->src\main\AndroidManifest.xml:16:9-26:20
29            android:name="uz.gita.shop_app.MainActivity"
29-->src\main\AndroidManifest.xml:17:13-41
30            android:exported="true"
30-->src\main\AndroidManifest.xml:18:13-36
31            android:label="@string/app_name"
31-->src\main\AndroidManifest.xml:19:13-45
32            android:theme="@style/Theme.ShopApp" >
32-->src\main\AndroidManifest.xml:20:13-49
33            <intent-filter>
33-->src\main\AndroidManifest.xml:21:13-25:29
34                <action android:name="android.intent.action.MAIN" />
34-->src\main\AndroidManifest.xml:22:17-69
34-->src\main\AndroidManifest.xml:22:25-66
35
36                <category android:name="android.intent.category.LAUNCHER" />
36-->src\main\AndroidManifest.xml:24:17-77
36-->src\main\AndroidManifest.xml:24:27-74
37            </intent-filter>
38        </activity>
39        <activity
39-->[androidx.compose.ui:ui-tooling:1.3.0] AndroidManifest.xml:23:9-25:39
40            android:name="androidx.compose.ui.tooling.PreviewActivity"
40-->[androidx.compose.ui:ui-tooling:1.3.0] AndroidManifest.xml:24:13-71
41            android:exported="true" />
41-->[androidx.compose.ui:ui-tooling:1.3.0] AndroidManifest.xml:25:13-36
42        <activity
42-->[androidx.compose.ui:ui-test-manifest:1.3.0] AndroidManifest.xml:23:9-25:39
43            android:name="androidx.activity.ComponentActivity"
43-->[androidx.compose.ui:ui-test-manifest:1.3.0] AndroidManifest.xml:24:13-63
44            android:exported="true" />
44-->[androidx.compose.ui:ui-test-manifest:1.3.0] AndroidManifest.xml:25:13-36
45
46        <service
46-->[com.google.firebase:firebase-auth-ktx:22.0.0] AndroidManifest.xml:8:9-14:19
47            android:name="com.google.firebase.components.ComponentDiscoveryService"
47-->[com.google.firebase:firebase-auth-ktx:22.0.0] AndroidManifest.xml:9:13-84
48            android:directBootAware="true"
48-->[com.google.firebase:firebase-common:20.3.2] AndroidManifest.xml:34:13-43
49            android:exported="false" >
49-->[com.google.firebase:firebase-auth-ktx:22.0.0] AndroidManifest.xml:10:13-37
50            <meta-data
50-->[com.google.firebase:firebase-auth-ktx:22.0.0] AndroidManifest.xml:11:13-13:85
51                android:name="com.google.firebase.components:com.google.firebase.auth.ktx.FirebaseAuthKtxRegistrar"
51-->[com.google.firebase:firebase-auth-ktx:22.0.0] AndroidManifest.xml:12:17-116
52                android:value="com.google.firebase.components.ComponentRegistrar" />
52-->[com.google.firebase:firebase-auth-ktx:22.0.0] AndroidManifest.xml:13:17-82
53            <meta-data
53-->[com.google.firebase:firebase-auth:22.0.0] AndroidManifest.xml:69:13-71:85
54                android:name="com.google.firebase.components:com.google.firebase.auth.FirebaseAuthRegistrar"
54-->[com.google.firebase:firebase-auth:22.0.0] AndroidManifest.xml:70:17-109
55                android:value="com.google.firebase.components.ComponentRegistrar" />
55-->[com.google.firebase:firebase-auth:22.0.0] AndroidManifest.xml:71:17-82
56            <meta-data
56-->[com.google.firebase:firebase-firestore-ktx:24.6.1] AndroidManifest.xml:14:13-16:85
57                android:name="com.google.firebase.components:com.google.firebase.firestore.ktx.FirebaseFirestoreKtxRegistrar"
57-->[com.google.firebase:firebase-firestore-ktx:24.6.1] AndroidManifest.xml:15:17-126
58                android:value="com.google.firebase.components.ComponentRegistrar" />
58-->[com.google.firebase:firebase-firestore-ktx:24.6.1] AndroidManifest.xml:16:17-82
59            <meta-data
59-->[com.google.firebase:firebase-storage-ktx:20.2.0] AndroidManifest.xml:14:13-16:85
60                android:name="com.google.firebase.components:com.google.firebase.storage.ktx.FirebaseStorageKtxRegistrar"
60-->[com.google.firebase:firebase-storage-ktx:20.2.0] AndroidManifest.xml:15:17-122
61                android:value="com.google.firebase.components.ComponentRegistrar" />
61-->[com.google.firebase:firebase-storage-ktx:20.2.0] AndroidManifest.xml:16:17-82
62            <meta-data
62-->[com.google.firebase:firebase-common-ktx:20.3.2] AndroidManifest.xml:14:13-16:85
63                android:name="com.google.firebase.components:com.google.firebase.ktx.FirebaseCommonKtxRegistrar"
63-->[com.google.firebase:firebase-common-ktx:20.3.2] AndroidManifest.xml:15:17-113
64                android:value="com.google.firebase.components.ComponentRegistrar" />
64-->[com.google.firebase:firebase-common-ktx:20.3.2] AndroidManifest.xml:16:17-82
65            <meta-data
65-->[com.google.firebase:firebase-firestore:24.6.1] AndroidManifest.xml:19:13-21:85
66                android:name="com.google.firebase.components:com.google.firebase.firestore.FirestoreRegistrar"
66-->[com.google.firebase:firebase-firestore:24.6.1] AndroidManifest.xml:20:17-111
67                android:value="com.google.firebase.components.ComponentRegistrar" />
67-->[com.google.firebase:firebase-firestore:24.6.1] AndroidManifest.xml:21:17-82
68            <meta-data
68-->[com.google.firebase:firebase-storage:20.2.0] AndroidManifest.xml:32:13-34:85
69                android:name="com.google.firebase.components:com.google.firebase.storage.StorageRegistrar"
69-->[com.google.firebase:firebase-storage:20.2.0] AndroidManifest.xml:33:17-107
70                android:value="com.google.firebase.components.ComponentRegistrar" />
70-->[com.google.firebase:firebase-storage:20.2.0] AndroidManifest.xml:34:17-82
71        </service>
72
73        <activity
73-->[com.google.firebase:firebase-auth:22.0.0] AndroidManifest.xml:29:9-46:20
74            android:name="com.google.firebase.auth.internal.GenericIdpActivity"
74-->[com.google.firebase:firebase-auth:22.0.0] AndroidManifest.xml:30:13-80
75            android:excludeFromRecents="true"
75-->[com.google.firebase:firebase-auth:22.0.0] AndroidManifest.xml:31:13-46
76            android:exported="true"
76-->[com.google.firebase:firebase-auth:22.0.0] AndroidManifest.xml:32:13-36
77            android:launchMode="singleTask"
77-->[com.google.firebase:firebase-auth:22.0.0] AndroidManifest.xml:33:13-44
78            android:theme="@android:style/Theme.Translucent.NoTitleBar" >
78-->[com.google.firebase:firebase-auth:22.0.0] AndroidManifest.xml:34:13-72
79            <intent-filter>
79-->[com.google.firebase:firebase-auth:22.0.0] AndroidManifest.xml:35:13-45:29
80                <action android:name="android.intent.action.VIEW" />
80-->[com.google.firebase:firebase-auth:22.0.0] AndroidManifest.xml:36:17-69
80-->[com.google.firebase:firebase-auth:22.0.0] AndroidManifest.xml:36:25-66
81
82                <category android:name="android.intent.category.DEFAULT" />
82-->[com.google.firebase:firebase-auth:22.0.0] AndroidManifest.xml:38:17-76
82-->[com.google.firebase:firebase-auth:22.0.0] AndroidManifest.xml:38:27-73
83                <category android:name="android.intent.category.BROWSABLE" />
83-->[com.google.firebase:firebase-auth:22.0.0] AndroidManifest.xml:39:17-78
83-->[com.google.firebase:firebase-auth:22.0.0] AndroidManifest.xml:39:27-75
84
85                <data
85-->[com.google.firebase:firebase-auth:22.0.0] AndroidManifest.xml:41:17-44:51
86                    android:host="firebase.auth"
86-->[com.google.firebase:firebase-auth:22.0.0] AndroidManifest.xml:42:21-49
87                    android:path="/"
87-->[com.google.firebase:firebase-auth:22.0.0] AndroidManifest.xml:43:21-37
88                    android:scheme="genericidp" />
88-->[com.google.firebase:firebase-auth:22.0.0] AndroidManifest.xml:44:21-48
89            </intent-filter>
90        </activity>
91        <activity
91-->[com.google.firebase:firebase-auth:22.0.0] AndroidManifest.xml:47:9-64:20
92            android:name="com.google.firebase.auth.internal.RecaptchaActivity"
92-->[com.google.firebase:firebase-auth:22.0.0] AndroidManifest.xml:48:13-79
93            android:excludeFromRecents="true"
93-->[com.google.firebase:firebase-auth:22.0.0] AndroidManifest.xml:49:13-46
94            android:exported="true"
94-->[com.google.firebase:firebase-auth:22.0.0] AndroidManifest.xml:50:13-36
95            android:launchMode="singleTask"
95-->[com.google.firebase:firebase-auth:22.0.0] AndroidManifest.xml:51:13-44
96            android:theme="@android:style/Theme.Translucent.NoTitleBar" >
96-->[com.google.firebase:firebase-auth:22.0.0] AndroidManifest.xml:52:13-72
97            <intent-filter>
97-->[com.google.firebase:firebase-auth:22.0.0] AndroidManifest.xml:53:13-63:29
98                <action android:name="android.intent.action.VIEW" />
98-->[com.google.firebase:firebase-auth:22.0.0] AndroidManifest.xml:36:17-69
98-->[com.google.firebase:firebase-auth:22.0.0] AndroidManifest.xml:36:25-66
99
100                <category android:name="android.intent.category.DEFAULT" />
100-->[com.google.firebase:firebase-auth:22.0.0] AndroidManifest.xml:38:17-76
100-->[com.google.firebase:firebase-auth:22.0.0] AndroidManifest.xml:38:27-73
101                <category android:name="android.intent.category.BROWSABLE" />
101-->[com.google.firebase:firebase-auth:22.0.0] AndroidManifest.xml:39:17-78
101-->[com.google.firebase:firebase-auth:22.0.0] AndroidManifest.xml:39:27-75
102
103                <data
103-->[com.google.firebase:firebase-auth:22.0.0] AndroidManifest.xml:41:17-44:51
104                    android:host="firebase.auth"
104-->[com.google.firebase:firebase-auth:22.0.0] AndroidManifest.xml:42:21-49
105                    android:path="/"
105-->[com.google.firebase:firebase-auth:22.0.0] AndroidManifest.xml:43:21-37
106                    android:scheme="recaptcha" />
106-->[com.google.firebase:firebase-auth:22.0.0] AndroidManifest.xml:44:21-48
107            </intent-filter>
108        </activity>
109
110        <provider
110-->[com.google.firebase:firebase-common:20.3.2] AndroidManifest.xml:25:9-30:39
111            android:name="com.google.firebase.provider.FirebaseInitProvider"
111-->[com.google.firebase:firebase-common:20.3.2] AndroidManifest.xml:26:13-77
112            android:authorities="uz.gita.shop_app.firebaseinitprovider"
112-->[com.google.firebase:firebase-common:20.3.2] AndroidManifest.xml:27:13-72
113            android:directBootAware="true"
113-->[com.google.firebase:firebase-common:20.3.2] AndroidManifest.xml:28:13-43
114            android:exported="false"
114-->[com.google.firebase:firebase-common:20.3.2] AndroidManifest.xml:29:13-37
115            android:initOrder="100" />
115-->[com.google.firebase:firebase-common:20.3.2] AndroidManifest.xml:30:13-36
116
117        <activity
117-->[com.google.android.gms:play-services-base:18.0.1] AndroidManifest.xml:20:9-22:45
118            android:name="com.google.android.gms.common.api.GoogleApiActivity"
118-->[com.google.android.gms:play-services-base:18.0.1] AndroidManifest.xml:20:19-85
119            android:exported="false"
119-->[com.google.android.gms:play-services-base:18.0.1] AndroidManifest.xml:22:19-43
120            android:theme="@android:style/Theme.Translucent.NoTitleBar" />
120-->[com.google.android.gms:play-services-base:18.0.1] AndroidManifest.xml:21:19-78
121
122        <meta-data
122-->[com.google.android.gms:play-services-basement:18.1.0] AndroidManifest.xml:21:9-23:69
123            android:name="com.google.android.gms.version"
123-->[com.google.android.gms:play-services-basement:18.1.0] AndroidManifest.xml:22:13-58
124            android:value="@integer/google_play_services_version" />
124-->[com.google.android.gms:play-services-basement:18.1.0] AndroidManifest.xml:23:13-66
125
126        <activity
126-->[androidx.test:core:1.4.0] AndroidManifest.xml:27:9-34:20
127            android:name="androidx.test.core.app.InstrumentationActivityInvoker$BootstrapActivity"
127-->[androidx.test:core:1.4.0] AndroidManifest.xml:28:13-99
128            android:exported="true"
128-->[androidx.test:core:1.4.0] AndroidManifest.xml:29:13-36
129            android:theme="@android:style/Theme" >
129-->[androidx.test:core:1.4.0] AndroidManifest.xml:30:13-49
130            <intent-filter>
130-->[androidx.test:core:1.4.0] AndroidManifest.xml:31:13-33:29
131                <action android:name="android.intent.action.MAIN" />
131-->src\main\AndroidManifest.xml:22:17-69
131-->src\main\AndroidManifest.xml:22:25-66
132            </intent-filter>
133        </activity>
134        <activity
134-->[androidx.test:core:1.4.0] AndroidManifest.xml:35:9-42:20
135            android:name="androidx.test.core.app.InstrumentationActivityInvoker$EmptyActivity"
135-->[androidx.test:core:1.4.0] AndroidManifest.xml:36:13-95
136            android:exported="true"
136-->[androidx.test:core:1.4.0] AndroidManifest.xml:37:13-36
137            android:theme="@android:style/Theme" >
137-->[androidx.test:core:1.4.0] AndroidManifest.xml:38:13-49
138            <intent-filter>
138-->[androidx.test:core:1.4.0] AndroidManifest.xml:31:13-33:29
139                <action android:name="android.intent.action.MAIN" />
139-->src\main\AndroidManifest.xml:22:17-69
139-->src\main\AndroidManifest.xml:22:25-66
140            </intent-filter>
141        </activity>
142        <activity
142-->[androidx.test:core:1.4.0] AndroidManifest.xml:43:9-50:20
143            android:name="androidx.test.core.app.InstrumentationActivityInvoker$EmptyFloatingActivity"
143-->[androidx.test:core:1.4.0] AndroidManifest.xml:44:13-103
144            android:exported="true"
144-->[androidx.test:core:1.4.0] AndroidManifest.xml:45:13-36
145            android:theme="@android:style/Theme.Dialog" >
145-->[androidx.test:core:1.4.0] AndroidManifest.xml:46:13-56
146            <intent-filter>
146-->[androidx.test:core:1.4.0] AndroidManifest.xml:31:13-33:29
147                <action android:name="android.intent.action.MAIN" />
147-->src\main\AndroidManifest.xml:22:17-69
147-->src\main\AndroidManifest.xml:22:25-66
148            </intent-filter>
149        </activity>
150
151        <provider
151-->[androidx.profileinstaller:profileinstaller:1.2.0] AndroidManifest.xml:25:9-33:20
152            android:name="androidx.startup.InitializationProvider"
152-->[androidx.profileinstaller:profileinstaller:1.2.0] AndroidManifest.xml:26:13-67
153            android:authorities="uz.gita.shop_app.androidx-startup"
153-->[androidx.profileinstaller:profileinstaller:1.2.0] AndroidManifest.xml:27:13-68
154            android:exported="false" >
154-->[androidx.profileinstaller:profileinstaller:1.2.0] AndroidManifest.xml:28:13-37
155            <meta-data
155-->[androidx.profileinstaller:profileinstaller:1.2.0] AndroidManifest.xml:30:13-32:52
156                android:name="androidx.profileinstaller.ProfileInstallerInitializer"
156-->[androidx.profileinstaller:profileinstaller:1.2.0] AndroidManifest.xml:31:17-85
157                android:value="androidx.startup" />
157-->[androidx.profileinstaller:profileinstaller:1.2.0] AndroidManifest.xml:32:17-49
158        </provider>
159
160        <receiver
160-->[androidx.profileinstaller:profileinstaller:1.2.0] AndroidManifest.xml:35:9-47:20
161            android:name="androidx.profileinstaller.ProfileInstallReceiver"
161-->[androidx.profileinstaller:profileinstaller:1.2.0] AndroidManifest.xml:36:13-76
162            android:directBootAware="false"
162-->[androidx.profileinstaller:profileinstaller:1.2.0] AndroidManifest.xml:37:13-44
163            android:enabled="true"
163-->[androidx.profileinstaller:profileinstaller:1.2.0] AndroidManifest.xml:38:13-35
164            android:exported="true"
164-->[androidx.profileinstaller:profileinstaller:1.2.0] AndroidManifest.xml:39:13-36
165            android:permission="android.permission.DUMP" >
165-->[androidx.profileinstaller:profileinstaller:1.2.0] AndroidManifest.xml:40:13-57
166            <intent-filter>
166-->[androidx.profileinstaller:profileinstaller:1.2.0] AndroidManifest.xml:41:13-43:29
167                <action android:name="androidx.profileinstaller.action.INSTALL_PROFILE" />
167-->[androidx.profileinstaller:profileinstaller:1.2.0] AndroidManifest.xml:42:17-91
167-->[androidx.profileinstaller:profileinstaller:1.2.0] AndroidManifest.xml:42:25-88
168            </intent-filter>
169            <intent-filter>
169-->[androidx.profileinstaller:profileinstaller:1.2.0] AndroidManifest.xml:44:13-46:29
170                <action android:name="androidx.profileinstaller.action.SKIP_FILE" />
170-->[androidx.profileinstaller:profileinstaller:1.2.0] AndroidManifest.xml:45:17-85
170-->[androidx.profileinstaller:profileinstaller:1.2.0] AndroidManifest.xml:45:25-82
171            </intent-filter>
172        </receiver>
173    </application>
174
175</manifest>